DEBUG: 23-01-2021 04:16:37 - Data from json file inside 'images'
 [{'name': 'temperature.png', 'link': 'https://imgs.xkcd.com/s/temperature.png'}, {'name': 'solar.png', 'link': 'https://imgs.xkcd.com/comics/solar_system_compression_artifacts.png'}, {'name': '0b7742.png', 'link': 'https://xkcd.com/s/0b7742.png'}, {'name': 'a899e84.jpg', 'link': 'https://imgs.xkcd.com/s/a899e84.jpg'}, {'name': 'solar_system_compression_artifacts_2x.png', 'link': 'https://imgs.xkcd.com/comics/solar_system_compression_artifacts_2x.png'}, {'name': 'blm.png', 'link': 'https://imgs.xkcd.com/news/blm.png'}, {'name': 'a899e84.jpg', 'link': 'https://imgs.xkcd.com/s/a899e84.jpg'}, {'name': 'blank.jpg', 'link': 'https://s0.wp.com/i/blank.jpg'}, {'name': 'content-bookstore-part-1.jpg', 'link': 'https://blogdotxkcddotcom.files.wordpress.com/2019/08/content-bookstore-part-1.jpg'}, {'name': 'collage.jpg', 'link': 'https://blogdotxkcddotcom.files.wordpress.com/2019/08/collage.jpg'}] <class 'list'>
DEBUG: 23-01-2021 04:16:37 - 10 threads created - <concurrent.futures.thread.ThreadPoolExecutor object at 0x00000230431E6970>
DEBUG: 23-01-2021 04:16:37 - Starting new HTTPS connection (1): imgs.xkcd.com:443
DEBUG: 23-01-2021 04:16:37 - Starting new HTTPS connection (1): xkcd.com:443
DEBUG: 23-01-2021 04:16:37 - Starting new HTTPS connection (1): imgs.xkcd.com:443
DEBUG: 23-01-2021 04:16:37 - Starting new HTTPS connection (1): imgs.xkcd.com:443
DEBUG: 23-01-2021 04:16:37 - Starting new HTTPS connection (1): imgs.xkcd.com:443
DEBUG: 23-01-2021 04:16:37 - Starting new HTTPS connection (1): s0.wp.com:443
DEBUG: 23-01-2021 04:16:37 - Starting new HTTPS connection (1): imgs.xkcd.com:443
DEBUG: 23-01-2021 04:16:37 - Starting new HTTPS connection (1): blogdotxkcddotcom.files.wordpress.com:443
DEBUG: 23-01-2021 04:16:37 - Starting new HTTPS connection (1): blogdotxkcddotcom.files.wordpress.com:443
DEBUG: 23-01-2021 04:16:37 - Starting new HTTPS connection (1): imgs.xkcd.com:443
DEBUG: 23-01-2021 04:16:37 - https://s0.wp.com:443 "GET /i/blank.jpg HTTP/1.1" 200 8554
INFO: 23-01-2021 04:16:37 - Downloading `blank.jpg`.
DEBUG: 23-01-2021 04:16:38 - https://imgs.xkcd.com:443 "GET /comics/solar_system_compression_artifacts_2x.png HTTP/1.1" 200 83642
DEBUG: 23-01-2021 04:16:38 - https://xkcd.com:443 "GET /s/0b7742.png HTTP/1.1" 200 11001
DEBUG: 23-01-2021 04:16:38 - https://imgs.xkcd.com:443 "GET /s/temperature.png HTTP/1.1" 200 27710
DEBUG: 23-01-2021 04:16:38 - https://imgs.xkcd.com:443 "GET /comics/solar_system_compression_artifacts.png HTTP/1.1" 200 30136
INFO: 23-01-2021 04:16:38 - Downloading `0b7742.png`.
DEBUG: 23-01-2021 04:16:38 - https://imgs.xkcd.com:443 "GET /s/a899e84.jpg HTTP/1.1" 200 21489
INFO: 23-01-2021 04:16:38 - Downloading `a899e84.jpg`.
DEBUG: 23-01-2021 04:16:38 - https://blogdotxkcddotcom.files.wordpress.com:443 "GET /2019/08/collage.jpg HTTP/1.1" 200 1669090
INFO: 23-01-2021 04:16:38 - Downloading `solar.png`.
INFO: 23-01-2021 04:16:38 - Downloading `temperature.png`.
DEBUG: 23-01-2021 04:16:38 - https://blogdotxkcddotcom.files.wordpress.com:443 "GET /2019/08/content-bookstore-part-1.jpg HTTP/1.1" 200 163732
INFO: 23-01-2021 04:16:38 - Downloading `solar_system_compression_artifacts_2x.png`.
DEBUG: 23-01-2021 04:16:38 - https://imgs.xkcd.com:443 "GET /s/a899e84.jpg HTTP/1.1" 200 21489
INFO: 23-01-2021 04:16:38 - Downloading `a899e84.jpg`.
INFO: 23-01-2021 04:16:38 - Downloading `content-bookstore-part-1.jpg`.
DEBUG: 23-01-2021 04:16:38 - https://imgs.xkcd.com:443 "GET /news/blm.png HTTP/1.1" 200 12829
INFO: 23-01-2021 04:16:38 - Downloading `blm.png`.
INFO: 23-01-2021 04:16:39 - Downloading `collage.jpg`.
INFO: 23-01-2021 04:16:39 - Done.
